<?xml version="1.0" encoding="UTF-8"?>
<testng-results ignored="0" total="1" passed="0" failed="0" skipped="1">
  <reporter-output>
    <line>
      <![CDATA[LOG: INFO : Creating browser instances]]>
    </line>
    <line>
      <![CDATA[LOG: INFO : Browser instance is ready ]]>
    </line>
    <line>
      <![CDATA[LOG : INFO -Config File loaded]]>
    </line>
    <line>
      <![CDATA[LOG : INFO -Config File loaded]]>
    </line>
    <line>
      <![CDATA[LOG: INFO : Closing browser instances]]>
    </line>
  </reporter-output>
  <suite started-at="2023-12-05T13:01:52 IST" name="Default suite" finished-at="2023-12-05T13:02:00 IST" duration-ms="8723">
    <groups>
    </groups>
    <test started-at="2023-12-05T13:01:52 IST" name="Default test" finished-at="2023-12-05T13:02:00 IST" duration-ms="8723">
      <class name="org.aia.testcases.membership.TestDIPOfflineJoin_Membership">
        <test-method is-config="true" signature="setup()[pri:0, instance:org.aia.testcases.membership.TestDIPOfflineJoin_Membership@1530c739]" started-at="2023-12-05T13:01:52 IST" name="setup" finished-at="2023-12-05T13:01:52 IST" duration-ms="25" status="PASS">
          <reporter-output>
          </reporter-output>
        </test-method> <!-- setup -->
        <test-method is-config="true" signature="initialTestSetup()[pri:0, instance:org.aia.testcases.membership.TestDIPOfflineJoin_Membership@1530c739]" started-at="2023-12-05T13:01:52 IST" name="initialTestSetup" finished-at="2023-12-05T13:01:52 IST" duration-ms="2" status="PASS">
          <reporter-output>
          </reporter-output>
        </test-method> <!-- initialTestSetup -->
        <test-method is-config="true" signature="setupBrowser()[pri:0, instance:org.aia.testcases.membership.TestDIPOfflineJoin_Membership@1530c739]" started-at="2023-12-05T13:01:52 IST" name="setupBrowser" finished-at="2023-12-05T13:01:52 IST" duration-ms="6" status="PASS">
          <reporter-output>
            <line>
              <![CDATA[LOG: INFO : Creating browser instances]]>
            </line>
            <line>
              <![CDATA[LOG: INFO : Browser instance is ready ]]>
            </line>
          </reporter-output>
        </test-method> <!-- setupBrowser -->
        <test-method is-config="true" signature="setUp()[pri:0, instance:org.aia.testcases.membership.TestDIPOfflineJoin_Membership@1530c739]" started-at="2023-12-05T13:01:52 IST" name="setUp" finished-at="2023-12-05T13:02:00 IST" duration-ms="8595" status="FAIL">
          <exception class="java.lang.Exception">
            <message>
              <![CDATA[class io.restassured.internal.path.xml.NodeChildrenImpl cannot be cast to class java.lang.String (io.restassured.internal.path.xml.NodeChildrenImpl is in unnamed module of loader 'app'; java.lang.String is in module java.base of loader 'bootstrap')]]>
            </message>
            <full-stacktrace>
              <![CDATA[java.lang.Exception: class io.restassured.internal.path.xml.NodeChildrenImpl cannot be cast to class java.lang.String (io.restassured.internal.path.xml.NodeChildrenImpl is in unnamed module of loader 'app'; java.lang.String is in module java.base of loader 'bootstrap')
at org.aia.pages.api.membership.FontevaConnectionSOAP.getSessionID(FontevaConnectionSOAP.java:32)
at org.aia.testcases.membership.TestDIPOfflineJoin_Membership.setUp(TestDIPOfflineJoin_Membership.java:45)
at java.base/jdk.internal.reflect.NativeMethodAccessorImpl.invoke0(Native Method)
at java.base/jdk.internal.reflect.NativeMethodAccessorImpl.invoke(NativeMethodAccessorImpl.java:77)
at java.base/jdk.internal.reflect.DelegatingMethodAccessorImpl.invoke(DelegatingMethodAccessorImpl.java:43)
at java.base/java.lang.reflect.Method.invoke(Method.java:568)
at org.testng.internal.MethodInvocationHelper.invokeMethod(MethodInvocationHelper.java:132)
at org.testng.internal.MethodInvocationHelper.invokeMethodConsideringTimeout(MethodInvocationHelper.java:61)
at org.testng.internal.ConfigInvoker.invokeConfigurationMethod(ConfigInvoker.java:366)
at org.testng.internal.ConfigInvoker.invokeConfigurations(ConfigInvoker.java:320)
at org.testng.internal.TestInvoker.runConfigMethods(TestInvoker.java:701)
at org.testng.internal.TestInvoker.invokeMethod(TestInvoker.java:527)
at org.testng.internal.TestInvoker.invokeTestMethod(TestInvoker.java:174)
at org.testng.internal.MethodRunner.runInSequence(MethodRunner.java:46)
at org.testng.internal.TestInvoker$MethodInvocationAgent.invoke(TestInvoker.java:822)
at org.testng.internal.TestInvoker.invokeTestMethods(TestInvoker.java:147)
at org.testng.internal.TestMethodWorker.invokeTestMethods(TestMethodWorker.java:146)
at org.testng.internal.TestMethodWorker.run(TestMethodWorker.java:128)
at java.base/java.util.ArrayList.forEach(ArrayList.java:1511)
at org.testng.TestRunner.privateRun(TestRunner.java:764)
at org.testng.TestRunner.run(TestRunner.java:585)
at org.testng.SuiteRunner.runTest(SuiteRunner.java:384)
at org.testng.SuiteRunner.runSequentially(SuiteRunner.java:378)
at org.testng.SuiteRunner.privateRun(SuiteRunner.java:337)
at org.testng.SuiteRunner.run(SuiteRunner.java:286)
at org.testng.SuiteRunnerWorker.runSuite(SuiteRunnerWorker.java:53)
at org.testng.SuiteRunnerWorker.run(SuiteRunnerWorker.java:96)
at org.testng.TestNG.runSuitesSequentially(TestNG.java:1218)
at org.testng.TestNG.runSuitesLocally(TestNG.java:1140)
at org.testng.TestNG.runSuites(TestNG.java:1069)
at org.testng.TestNG.run(TestNG.java:1037)
at org.testng.remote.AbstractRemoteTestNG.run(AbstractRemoteTestNG.java:115)
at org.testng.remote.RemoteTestNG.initAndRun(RemoteTestNG.java:251)
at org.testng.remote.RemoteTestNG.main(RemoteTestNG.java:77)
]]>
            </full-stacktrace>
          </exception> <!-- java.lang.Exception -->
          <reporter-output>
            <line>
              <![CDATA[LOG : INFO -Config File loaded]]>
            </line>
            <line>
              <![CDATA[LOG : INFO -Config File loaded]]>
            </line>
          </reporter-output>
        </test-method> <!-- setUp -->
        <test-method signature="verifyDIPOfflineJoin()[pri:1, instance:org.aia.testcases.membership.TestDIPOfflineJoin_Membership@1530c739]" started-at="2023-12-05T13:02:00 IST" name="verifyDIPOfflineJoin" description="(FM-382) Membership Offline Join DIP Process" finished-at="2023-12-05T13:02:00 IST" duration-ms="0" status="SKIP">
          <exception class="java.lang.Exception">
            <message>
              <![CDATA[class io.restassured.internal.path.xml.NodeChildrenImpl cannot be cast to class java.lang.String (io.restassured.internal.path.xml.NodeChildrenImpl is in unnamed module of loader 'app'; java.lang.String is in module java.base of loader 'bootstrap')]]>
            </message>
            <full-stacktrace>
              <![CDATA[java.lang.Exception: class io.restassured.internal.path.xml.NodeChildrenImpl cannot be cast to class java.lang.String (io.restassured.internal.path.xml.NodeChildrenImpl is in unnamed module of loader 'app'; java.lang.String is in module java.base of loader 'bootstrap')
at org.aia.pages.api.membership.FontevaConnectionSOAP.getSessionID(FontevaConnectionSOAP.java:32)
at org.aia.testcases.membership.TestDIPOfflineJoin_Membership.setUp(TestDIPOfflineJoin_Membership.java:45)
at java.base/jdk.internal.reflect.NativeMethodAccessorImpl.invoke0(Native Method)
at java.base/jdk.internal.reflect.NativeMethodAccessorImpl.invoke(NativeMethodAccessorImpl.java:77)
at java.base/jdk.internal.reflect.DelegatingMethodAccessorImpl.invoke(DelegatingMethodAccessorImpl.java:43)
at java.base/java.lang.reflect.Method.invoke(Method.java:568)
at org.testng.internal.MethodInvocationHelper.invokeMethod(MethodInvocationHelper.java:132)
at org.testng.internal.MethodInvocationHelper.invokeMethodConsideringTimeout(MethodInvocationHelper.java:61)
at org.testng.internal.ConfigInvoker.invokeConfigurationMethod(ConfigInvoker.java:366)
at org.testng.internal.ConfigInvoker.invokeConfigurations(ConfigInvoker.java:320)
at org.testng.internal.TestInvoker.runConfigMethods(TestInvoker.java:701)
at org.testng.internal.TestInvoker.invokeMethod(TestInvoker.java:527)
at org.testng.internal.TestInvoker.invokeTestMethod(TestInvoker.java:174)
at org.testng.internal.MethodRunner.runInSequence(MethodRunner.java:46)
at org.testng.internal.TestInvoker$MethodInvocationAgent.invoke(TestInvoker.java:822)
at org.testng.internal.TestInvoker.invokeTestMethods(TestInvoker.java:147)
at org.testng.internal.TestMethodWorker.invokeTestMethods(TestMethodWorker.java:146)
at org.testng.internal.TestMethodWorker.run(TestMethodWorker.java:128)
at java.base/java.util.ArrayList.forEach(ArrayList.java:1511)
at org.testng.TestRunner.privateRun(TestRunner.java:764)
at org.testng.TestRunner.run(TestRunner.java:585)
at org.testng.SuiteRunner.runTest(SuiteRunner.java:384)
at org.testng.SuiteRunner.runSequentially(SuiteRunner.java:378)
at org.testng.SuiteRunner.privateRun(SuiteRunner.java:337)
at org.testng.SuiteRunner.run(SuiteRunner.java:286)
at org.testng.SuiteRunnerWorker.runSuite(SuiteRunnerWorker.java:53)
at org.testng.SuiteRunnerWorker.run(SuiteRunnerWorker.java:96)
at org.testng.TestNG.runSuitesSequentially(TestNG.java:1218)
at org.testng.TestNG.runSuitesLocally(TestNG.java:1140)
at org.testng.TestNG.runSuites(TestNG.java:1069)
at org.testng.TestNG.run(TestNG.java:1037)
at org.testng.remote.AbstractRemoteTestNG.run(AbstractRemoteTestNG.java:115)
at org.testng.remote.RemoteTestNG.initAndRun(RemoteTestNG.java:251)
at org.testng.remote.RemoteTestNG.main(RemoteTestNG.java:77)
]]>
            </full-stacktrace>
          </exception> <!-- java.lang.Exception -->
          <reporter-output>
          </reporter-output>
        </test-method> <!-- verifyDIPOfflineJoin -->
        <test-method is-config="true" signature="tearDown(org.testng.ITestResult)[pri:0, instance:org.aia.testcases.membership.TestDIPOfflineJoin_Membership@1530c739]" started-at="2023-12-05T13:02:00 IST" name="tearDown" finished-at="2023-12-05T13:02:00 IST" duration-ms="6" status="PASS">
          <params>
            <param index="0">
              <value>
                <![CDATA[[TestResult name={null} status=CREATED method=TestDIPOfflineJoin_Membership.verifyDIPOfflineJoin()[pri:1, instance:org.aia.testcases.membership.TestDIPOfflineJoin_Membership@1530c739] output={null}]]]>
              </value>
            </param>
          </params>
          <reporter-output>
          </reporter-output>
        </test-method> <!-- tearDown -->
        <test-method is-config="true" signature="tearDown()[pri:0, instance:org.aia.testcases.membership.TestDIPOfflineJoin_Membership@1530c739]" started-at="2023-12-05T13:02:00 IST" name="tearDown" finished-at="2023-12-05T13:02:00 IST" duration-ms="3" status="FAIL">
          <exception class="java.lang.NullPointerException">
            <message>
              <![CDATA[Cannot invoke "org.openqa.selenium.WebDriver.quit()" because "driver" is null]]>
            </message>
            <full-stacktrace>
              <![CDATA[java.lang.NullPointerException: Cannot invoke "org.openqa.selenium.WebDriver.quit()" because "driver" is null
at org.aia.utility.BrowserSetup.closeBrowser(BrowserSetup.java:71)
at org.aia.pages.BaseClass.tearDown(BaseClass.java:59)
at java.base/jdk.internal.reflect.NativeMethodAccessorImpl.invoke0(Native Method)
at java.base/jdk.internal.reflect.NativeMethodAccessorImpl.invoke(NativeMethodAccessorImpl.java:77)
at java.base/jdk.internal.reflect.DelegatingMethodAccessorImpl.invoke(DelegatingMethodAccessorImpl.java:43)
at java.base/java.lang.reflect.Method.invoke(Method.java:568)
at org.testng.internal.MethodInvocationHelper.invokeMethod(MethodInvocationHelper.java:132)
at org.testng.internal.MethodInvocationHelper.invokeMethodConsideringTimeout(MethodInvocationHelper.java:61)
at org.testng.internal.ConfigInvoker.invokeConfigurationMethod(ConfigInvoker.java:366)
at org.testng.internal.ConfigInvoker.invokeConfigurations(ConfigInvoker.java:320)
at org.testng.internal.TestMethodWorker.invokeAfterClassMethods(TestMethodWorker.java:217)
at org.testng.internal.TestMethodWorker.run(TestMethodWorker.java:130)
at java.base/java.util.ArrayList.forEach(ArrayList.java:1511)
at org.testng.TestRunner.privateRun(TestRunner.java:764)
at org.testng.TestRunner.run(TestRunner.java:585)
at org.testng.SuiteRunner.runTest(SuiteRunner.java:384)
at org.testng.SuiteRunner.runSequentially(SuiteRunner.java:378)
at org.testng.SuiteRunner.privateRun(SuiteRunner.java:337)
at org.testng.SuiteRunner.run(SuiteRunner.java:286)
at org.testng.SuiteRunnerWorker.runSuite(SuiteRunnerWorker.java:53)
at org.testng.SuiteRunnerWorker.run(SuiteRunnerWorker.java:96)
at org.testng.TestNG.runSuitesSequentially(TestNG.java:1218)
at org.testng.TestNG.runSuitesLocally(TestNG.java:1140)
at org.testng.TestNG.runSuites(TestNG.java:1069)
at org.testng.TestNG.run(TestNG.java:1037)
at org.testng.remote.AbstractRemoteTestNG.run(AbstractRemoteTestNG.java:115)
at org.testng.remote.RemoteTestNG.initAndRun(RemoteTestNG.java:251)
at org.testng.remote.RemoteTestNG.main(RemoteTestNG.java:77)
]]>
            </full-stacktrace>
          </exception> <!-- java.lang.NullPointerException -->
          <reporter-output>
            <line>
              <![CDATA[LOG: INFO : Closing browser instances]]>
            </line>
          </reporter-output>
        </test-method> <!-- tearDown -->
        <test-method is-config="true" signature="finalTestTearDown()[pri:0, instance:org.aia.testcases.membership.TestDIPOfflineJoin_Membership@1530c739]" started-at="2023-12-05T13:02:00 IST" name="finalTestTearDown" finished-at="2023-12-05T13:02:00 IST" duration-ms="0" status="PASS">
          <reporter-output>
          </reporter-output>
        </test-method> <!-- finalTestTearDown -->
      </class> <!-- org.aia.testcases.membership.TestDIPOfflineJoin_Membership -->
    </test> <!-- Default test -->
  </suite> <!-- Default suite -->
</testng-results>
