<?xml version="1.0" encoding="UTF-8"?>
<!-- Generated by org.testng.reporters.JUnitReportReporter -->
<testsuite hostname="IM-LP-2377" failures="0" tests="11" name="org.aia.testcases.ces.TestCESMembershipStatus_CES" time="3.885" errors="1" timestamp="2023-10-19T18:17:31 IST" skipped="10">
  <testcase classname="org.aia.testcases.ces.TestCESMembershipStatus_CES" name="setUp" time="3.885">
    <error message="java.lang.reflect.InvocationTargetException" type="java.lang.RuntimeException">
      <![CDATA[java.lang.RuntimeException: java.lang.reflect.InvocationTargetException
at org.openqa.selenium.support.PageFactory.instantiatePage(PageFactory.java:130)
at org.openqa.selenium.support.PageFactory.initElements(PageFactory.java:62)
at org.aia.testcases.ces.TestCESMembershipStatus_CES.setUp(TestCESMembershipStatus_CES.java:106)
at java.base/jdk.internal.reflect.NativeMethodAccessorImpl.invoke0(Native Method)
at java.base/jdk.internal.reflect.NativeMethodAccessorImpl.invoke(NativeMethodAccessorImpl.java:77)
at java.base/jdk.internal.reflect.DelegatingMethodAccessorImpl.invoke(DelegatingMethodAccessorImpl.java:43)
at java.base/java.lang.reflect.Method.invoke(Method.java:568)
at org.testng.internal.MethodInvocationHelper.invokeMethod(MethodInvocationHelper.java:132)
at org.testng.internal.MethodInvocationHelper.invokeMethodConsideringTimeout(MethodInvocationHelper.java:61)
at org.testng.internal.ConfigInvoker.invokeConfigurationMethod(ConfigInvoker.java:366)
at org.testng.internal.ConfigInvoker.invokeConfigurations(ConfigInvoker.java:320)
at org.testng.internal.TestInvoker.runConfigMethods(TestInvoker.java:701)
at org.testng.internal.TestInvoker.invokeMethod(TestInvoker.java:527)
at org.testng.internal.TestInvoker.invokeTestMethod(TestInvoker.java:174)
at org.testng.internal.MethodRunner.runInSequence(MethodRunner.java:46)
at org.testng.internal.TestInvoker$MethodInvocationAgent.invoke(TestInvoker.java:822)
at org.testng.internal.TestInvoker.invokeTestMethods(TestInvoker.java:147)
at org.testng.internal.TestMethodWorker.invokeTestMethods(TestMethodWorker.java:146)
at org.testng.internal.TestMethodWorker.run(TestMethodWorker.java:128)
at java.base/java.util.ArrayList.forEach(ArrayList.java:1511)
at org.testng.TestRunner.privateRun(TestRunner.java:764)
at org.testng.TestRunner.run(TestRunner.java:585)
at org.testng.SuiteRunner.runTest(SuiteRunner.java:384)
at org.testng.SuiteRunner.runSequentially(SuiteRunner.java:378)
at org.testng.SuiteRunner.privateRun(SuiteRunner.java:337)
at org.testng.SuiteRunner.run(SuiteRunner.java:286)
at org.testng.SuiteRunnerWorker.runSuite(SuiteRunnerWorker.java:53)
at org.testng.SuiteRunnerWorker.run(SuiteRunnerWorker.java:96)
at org.testng.TestNG.runSuitesSequentially(TestNG.java:1218)
at org.testng.TestNG.runSuitesLocally(TestNG.java:1140)
at org.testng.TestNG.runSuites(TestNG.java:1069)
at org.testng.TestNG.run(TestNG.java:1037)
at org.testng.remote.AbstractRemoteTestNG.run(AbstractRemoteTestNG.java:115)
at org.testng.remote.RemoteTestNG.initAndRun(RemoteTestNG.java:251)
at org.testng.remote.RemoteTestNG.main(RemoteTestNG.java:77)
Caused by: java.lang.reflect.InvocationTargetException
at java.base/jdk.internal.reflect.NativeConstructorAccessorImpl.newInstance0(Native Method)
at java.base/jdk.internal.reflect.NativeConstructorAccessorImpl.newInstance(NativeConstructorAccessorImpl.java:77)
at java.base/jdk.internal.reflect.DelegatingConstructorAccessorImpl.newInstance(DelegatingConstructorAccessorImpl.java:45)
at java.base/java.lang.reflect.Constructor.newInstanceWithCaller(Constructor.java:499)
at java.base/java.lang.reflect.Constructor.newInstance(Constructor.java:480)
at org.openqa.selenium.support.PageFactory.instantiatePage(PageFactory.java:125)
... 34 more
Caused by: java.lang.IllegalArgumentException: Driver must be set
at org.openqa.selenium.internal.Require.nonNull(Require.java:60)
at org.openqa.selenium.interactions.Actions.<init>(Actions.java:59)
at org.aia.pages.ces.FontevaCES.<init>(FontevaCES.java:32)
... 40 more
]]>
    </error>
  </testcase> <!-- setUp -->
  <system-out>
LOG : INFO -Config File loaded LOG : INFO -Config File loaded LOG : INFO -Config File loaded LOG : INFO -Config File loaded LOG : INFO -Config File loaded  </system-out>
  <testcase classname="org.aia.testcases.ces.TestCESMembershipStatus_CES" name="validateMultipleCESMemTypes" time="0.000">
    <skipped/>
  </testcase> <!-- validateMultipleCESMemTypes -->
  <system-out/>
  <testcase classname="org.aia.testcases.ces.TestCESMembershipStatus_CES" name="validateTermCreation$0CESMembershipType">
    <skipped/>
  </testcase> <!-- validateTermCreation$0CESMembershipType -->
  <system-out/>
  <testcase classname="org.aia.testcases.ces.TestCESMembershipStatus_CES" name="validateCESMembershipStatus">
    <skipped/>
  </testcase> <!-- validateCESMembershipStatus -->
  <system-out/>
  <testcase classname="org.aia.testcases.ces.TestCESMembershipStatus_CES" name="verifyTermDateNonCESMembershipType">
    <skipped/>
  </testcase> <!-- verifyTermDateNonCESMembershipType -->
  <system-out/>
  <testcase classname="org.aia.testcases.ces.TestCESMembershipStatus_CES" name="validateMultipleCESMembershipStatus">
    <skipped/>
  </testcase> <!-- validateMultipleCESMembershipStatus -->
  <system-out/>
  <testcase classname="org.aia.testcases.ces.TestCESMembershipStatus_CES" name="verifyNonCESMembershipType">
    <skipped/>
  </testcase> <!-- verifyNonCESMembershipType -->
  <system-out/>
  <testcase classname="org.aia.testcases.ces.TestCESMembershipStatus_CES" name="validateMultipleCESMembershipTypeStatus">
    <skipped/>
  </testcase> <!-- validateMultipleCESMembershipTypeStatus -->
  <system-out/>
  <testcase classname="org.aia.testcases.ces.TestCESMembershipStatus_CES" name="verifyNonCESMembershipStatus">
    <skipped/>
  </testcase> <!-- verifyNonCESMembershipStatus -->
  <system-out/>
  <testcase classname="org.aia.testcases.ces.TestCESMembershipStatus_CES" name="verifyTermDateCESMembershipType">
    <skipped/>
  </testcase> <!-- verifyTermDateCESMembershipType -->
  <system-out/>
  <testcase classname="org.aia.testcases.ces.TestCESMembershipStatus_CES" name="validateMultipleCESMembershipType">
    <skipped/>
  </testcase> <!-- validateMultipleCESMembershipType -->
  <system-out/>
</testsuite> <!-- org.aia.testcases.ces.TestCESMembershipStatus_CES -->
